<?xml version="1.0" encoding="UTF-8"?>
<testng-results ignored="0" total="4" passed="4" failed="0" skipped="0">
  <reporter-output>
  </reporter-output>
  <suite started-at="2025-02-23T17:50:51 EET" name="Default suite" finished-at="2025-02-23T17:50:55 EET" duration-ms="3416">
    <groups>
    </groups>
    <test started-at="2025-02-23T17:50:51 EET" name="Default test" finished-at="2025-02-23T17:50:55 EET" duration-ms="3416">
      <class name="Sql_test_cases">
        <test-method is-config="true" signature="setup()[pri:0, instance:Sql_test_cases@2d6764b2]" started-at="2025-02-23T17:50:51 EET" name="setup" finished-at="2025-02-23T17:50:54 EET" duration-ms="2846" status="PASS">
          <reporter-output>
          </reporter-output>
        </test-method> <!-- setup -->
        <test-method signature="add_data_to_my_database()[pri:1, instance:Sql_test_cases@2d6764b2]" started-at="2025-02-23T17:50:54 EET" name="add_data_to_my_database" finished-at="2025-02-23T17:50:54 EET" duration-ms="223" status="PASS">
          <reporter-output>
          </reporter-output>
        </test-method> <!-- add_data_to_my_database -->
        <test-method signature="apdate_data()[pri:2, instance:Sql_test_cases@2d6764b2]" started-at="2025-02-23T17:50:54 EET" name="apdate_data" finished-at="2025-02-23T17:50:54 EET" duration-ms="34" status="PASS">
          <reporter-output>
          </reporter-output>
        </test-method> <!-- apdate_data -->
        <test-method signature="read_data()[pri:3, instance:Sql_test_cases@2d6764b2]" started-at="2025-02-23T17:50:54 EET" name="read_data" finished-at="2025-02-23T17:50:55 EET" duration-ms="135" status="PASS">
          <reporter-output>
          </reporter-output>
        </test-method> <!-- read_data -->
        <test-method signature="delete_data()[pri:4, instance:Sql_test_cases@2d6764b2]" started-at="2025-02-23T17:50:55 EET" name="delete_data" finished-at="2025-02-23T17:50:55 EET" duration-ms="18" status="PASS">
          <reporter-output>
          </reporter-output>
        </test-method> <!-- delete_data -->
      </class> <!-- Sql_test_cases -->
    </test> <!-- Default test -->
  </suite> <!-- Default suite -->
</testng-results>
